{"C:\\Users\\USER\\Desktop\\convertmoney\\lib\\banbrasil.js": {"path":"C:\\Users\\USER\\Desktop\\convertmoney\\lib\\banbrasil.js","statementMap":{"0":{"start":{"line":3,"column":14},"end":{"line":3,"column":30}},"1":{"start":{"line":4,"column":15},"end":{"line":4,"column":215}},"2":{"start":{"line":4,"column":23},"end":{"line":4,"column":215}},"3":{"start":{"line":5,"column":22},"end":{"line":5,"column":43}},"4":{"start":{"line":5,"column":29},"end":{"line":5,"column":43}},"5":{"start":{"line":6,"column":16},"end":{"line":6,"column":53}},"6":{"start":{"line":6,"column":23},"end":{"line":6,"column":53}},"7":{"start":{"line":7,"column":17},"end":{"line":11,"column":1}},"8":{"start":{"line":8,"column":18},"end":{"line":8,"column":28}},"9":{"start":{"line":9,"column":4},"end":{"line":9,"column":75}},"10":{"start":{"line":12,"column":17},"end":{"line":23,"column":2}},"11":{"start":{"line":12,"column":62},"end":{"line":23,"column":2}},"12":{"start":{"line":13,"column":4},"end":{"line":22,"column":5}},"13":{"start":{"line":14,"column":21},"end":{"line":14,"column":31}},"14":{"start":{"line":16,"column":16},"end":{"line":16,"column":32}},"15":{"start":{"line":17,"column":16},"end":{"line":17,"column":40}},"16":{"start":{"line":18,"column":20},"end":{"line":18,"column":32}},"17":{"start":{"line":19,"column":4},"end":{"line":19,"column":18}},"18":{"start":{"line":21,"column":8},"end":{"line":21,"column":17}},"19":{"start":{"line":26,"column":0},"end":{"line":35,"column":1}}},"fnMap":{"0":{"name":"(anonymous_0)","decl":{"start":{"line":4,"column":15},"end":{"line":4,"column":16}},"loc":{"start":{"line":4,"column":23},"end":{"line":4,"column":215}},"line":4},"1":{"name":"(anonymous_1)","decl":{"start":{"line":5,"column":22},"end":{"line":5,"column":23}},"loc":{"start":{"line":5,"column":29},"end":{"line":5,"column":43}},"line":5},"2":{"name":"(anonymous_2)","decl":{"start":{"line":6,"column":16},"end":{"line":6,"column":17}},"loc":{"start":{"line":6,"column":23},"end":{"line":6,"column":53}},"line":6},"3":{"name":"(anonymous_3)","decl":{"start":{"line":7,"column":17},"end":{"line":7,"column":18}},"loc":{"start":{"line":7,"column":22},"end":{"line":11,"column":1}},"line":7},"4":{"name":"(anonymous_4)","decl":{"start":{"line":12,"column":17},"end":{"line":12,"column":18}},"loc":{"start":{"line":12,"column":62},"end":{"line":23,"column":2}},"line":12},"5":{"name":"(anonymous_5)","decl":{"start":{"line":12,"column":62},"end":{"line":12,"column":63}},"loc":{"start":{"line":12,"column":74},"end":{"line":23,"column":2}},"line":12}},"branchMap":{},"s":{"0":1,"1":1,"2":0,"3":1,"4":1,"5":1,"6":1,"7":1,"8":1,"9":0,"10":1,"11":2,"12":1,"13":1,"14":0,"15":0,"16":0,"17":0,"18":1,"19":1},"f":{"0":0,"1":1,"2":1,"3":1,"4":2,"5":1},"b":{},"_coverageSchema":"43e27e138ebf9cfc5966b082cf9a028302ed4184","hash":"25c4e9789bb6509528f586a68da843611d9bd975"}
,"C:\\Users\\USER\\Desktop\\convertmoney\\lib\\convert.js": {"path":"C:\\Users\\USER\\Desktop\\convertmoney\\lib\\convert.js","statementMap":{"0":{"start":{"line":1,"column":16},"end":{"line":3,"column":1}},"1":{"start":{"line":2,"column":4},"end":{"line":2,"column":31}},"2":{"start":{"line":5,"column":16},"end":{"line":7,"column":1}},"3":{"start":{"line":6,"column":4},"end":{"line":6,"column":39}},"4":{"start":{"line":10,"column":0},"end":{"line":13,"column":1}}},"fnMap":{"0":{"name":"(anonymous_0)","decl":{"start":{"line":1,"column":16},"end":{"line":1,"column":17}},"loc":{"start":{"line":1,"column":40},"end":{"line":3,"column":1}},"line":1},"1":{"name":"(anonymous_1)","decl":{"start":{"line":5,"column":16},"end":{"line":5,"column":17}},"loc":{"start":{"line":5,"column":25},"end":{"line":7,"column":1}},"line":5}},"branchMap":{},"s":{"0":1,"1":2,"2":1,"3":1,"4":1},"f":{"0":2,"1":1},"b":{},"_coverageSchema":"43e27e138ebf9cfc5966b082cf9a028302ed4184","hash":"9fa31f92c9f103fa5317ae05de0f0389d23e9c24"}
}
